# JRE version: Java(TM) SE Runtime Environment (8.0_152-b16) (build 1.8.0_152-b16)
# Java VM: Java HotSpot(TM) 64-Bit Server VM (25.152-b16 mixed mode windows-amd64 compressed oops)
Heap:
 PSYoungGen      total 119296K, used 20334K [0x00000000d5c00000, 0x00000000e0b80000, 0x0000000100000000)
  eden space 106496K, 19% used [0x00000000d5c00000,0x00000000d6fdbae0,0x00000000dc400000)
  from space 12800K, 0% used [0x00000000dc400000,0x00000000dc400000,0x00000000dd080000)
  to   space 14336K, 0% used [0x00000000dfd80000,0x00000000dfd80000,0x00000000e0b80000)
 ParOldGen       total 48128K, used 18651K [0x0000000081400000, 0x0000000084300000, 0x00000000d5c00000)
  object space 48128K, 38% used [0x0000000081400000,0x0000000082636ca8,0x0000000084300000)
 Metaspace       used 35450K, capacity 37174K, committed 37504K, reserved 1081344K
  class space    used 4832K, capacity 5140K, committed 5248K, reserved 1048576K
GC Heap History (10 events):
Event: 14.800 GC heap before
{Heap before GC invocations=7 (full 1):
 PSYoungGen      total 38400K, used 33280K [0x00000000d5c00000, 0x00000000daf00000, 0x0000000100000000)
  eden space 33280K, 100% used [0x00000000d5c00000,0x00000000d7c80000,0x00000000d7c80000)
  from space 5120K, 0% used [0x00000000d7c80000,0x00000000d7c80000,0x00000000d8180000)
  to   space 9216K, 0% used [0x00000000da600000,0x00000000da600000,0x00000000daf00000)
 ParOldGen       total 48128K, used 5673K [0x0000000081400000, 0x0000000084300000, 0x00000000d5c00000)
  object space 48128K, 11% used [0x0000000081400000,0x000000008198a5e8,0x0000000084300000)
 Metaspace       used 22326K, capacity 23060K, committed 23168K, reserved 1069056K
  class space    used 2992K, capacity 3198K, committed 3200K, reserved 1048576K
Event: 14.841 GC heap after
Heap after GC invocations=7 (full 1):
 PSYoungGen      total 65536K, used 3656K [0x00000000d5c00000, 0x00000000daa80000, 0x0000000100000000)
  eden space 60928K, 0% used [0x00000000d5c00000,0x00000000d5c00000,0x00000000d9780000)
  from space 4608K, 79% used [0x00000000da600000,0x00000000da9923e8,0x00000000daa80000)
  to   space 9728K, 0% used [0x00000000d9780000,0x00000000d9780000,0x00000000da100000)
 ParOldGen       total 48128K, used 5673K [0x0000000081400000, 0x0000000084300000, 0x00000000d5c00000)
  object space 48128K, 11% used [0x0000000081400000,0x000000008198a5e8,0x0000000084300000)
 Metaspace       used 22326K, capacity 23060K, committed 23168K, reserved 1069056K
  class space    used 2992K, capacity 3198K, committed 3200K, reserved 1048576K
}
Event: 16.117 GC heap before
{Heap before GC invocations=8 (full 1):
 PSYoungGen      total 65536K, used 64584K [0x00000000d5c00000, 0x00000000daa80000, 0x0000000100000000)
  eden space 60928K, 100% used [0x00000000d5c00000,0x00000000d9780000,0x00000000d9780000)
  from space 4608K, 79% used [0x00000000da600000,0x00000000da9923e8,0x00000000daa80000)
  to   space 9728K, 0% used [0x00000000d9780000,0x00000000d9780000,0x00000000da100000)
 ParOldGen       total 48128K, used 5673K [0x0000000081400000, 0x0000000084300000, 0x00000000d5c00000)
  object space 48128K, 11% used [0x0000000081400000,0x000000008198a5e8,0x0000000084300000)
 Metaspace       used 26581K, capacity 27870K, committed 28032K, reserved 1073152K
  class space    used 3624K, capacity 3887K, committed 3968K, reserved 1048576K
Event: 16.143 GC heap after
Heap after GC invocations=8 (full 1):
 PSYoungGen      total 70656K, used 7909K [0x00000000d5c00000, 0x00000000dda80000, 0x0000000100000000)
  eden space 60928K, 0% used [0x00000000d5c00000,0x00000000d5c00000,0x00000000d9780000)
  from space 9728K, 81% used [0x00000000d9780000,0x00000000d9f39558,0x00000000da100000)
  to   space 10240K, 0% used [0x00000000dd080000,0x00000000dd080000,0x00000000dda80000)
 ParOldGen       total 48128K, used 5681K [0x0000000081400000, 0x0000000084300000, 0x00000000d5c00000)
  object space 48128K, 11% used [0x0000000081400000,0x000000008198c5e8,0x0000000084300000)
 Metaspace       used 26581K, capacity 27870K, committed 28032K, reserved 1073152K
  class space    used 3624K, capacity 3887K, committed 3968K, reserved 1048576K
}
Event: 18.755 GC heap before
{Heap before GC invocations=9 (full 1):
 PSYoungGen      total 70656K, used 68837K [0x00000000d5c00000, 0x00000000dda80000, 0x0000000100000000)
  eden space 60928K, 100% used [0x00000000d5c00000,0x00000000d9780000,0x00000000d9780000)
  from space 9728K, 81% used [0x00000000d9780000,0x00000000d9f39558,0x00000000da100000)
  to   space 10240K, 0% used [0x00000000dd080000,0x00000000dd080000,0x00000000dda80000)
 ParOldGen       total 48128K, used 5681K [0x0000000081400000, 0x0000000084300000, 0x00000000d5c00000)
  object space 48128K, 11% used [0x0000000081400000,0x000000008198c5e8,0x0000000084300000)
 Metaspace       used 30320K, capacity 31718K, committed 31872K, reserved 1077248K
  class space    used 4110K, capacity 4385K, committed 4480K, reserved 1048576K
Event: 18.779 GC heap after
Heap after GC invocations=9 (full 1):
 PSYoungGen      total 116736K, used 10210K [0x00000000d5c00000, 0x00000000ddd00000, 0x0000000100000000)
  eden space 106496K, 0% used [0x00000000d5c00000,0x00000000d5c00000,0x00000000dc400000)
  from space 10240K, 99% used [0x00000000dd080000,0x00000000dda78890,0x00000000dda80000)
  to   space 12800K, 0% used [0x00000000dc400000,0x00000000dc400000,0x00000000dd080000)
 ParOldGen       total 48128K, used 8668K [0x0000000081400000, 0x0000000084300000, 0x00000000d5c00000)
  object space 48128K, 18% used [0x0000000081400000,0x0000000081c770b8,0x0000000084300000)
 Metaspace       used 30320K, capacity 31718K, committed 31872K, reserved 1077248K
  class space    used 4110K, capacity 4385K, committed 4480K, reserved 1048576K
}
Event: 25.270 GC heap before
{Heap before GC invocations=10 (full 1):
 PSYoungGen      total 116736K, used 65527K [0x00000000d5c00000, 0x00000000ddd00000, 0x0000000100000000)
  eden space 106496K, 51% used [0x00000000d5c00000,0x00000000d92053d0,0x00000000dc400000)
  from space 10240K, 99% used [0x00000000dd080000,0x00000000dda78890,0x00000000dda80000)
  to   space 12800K, 0% used [0x00000000dc400000,0x00000000dc400000,0x00000000dd080000)
 ParOldGen       total 48128K, used 8668K [0x0000000081400000, 0x0000000084300000, 0x00000000d5c00000)
  object space 48128K, 18% used [0x0000000081400000,0x0000000081c770b8,0x0000000084300000)
 Metaspace       used 33639K, capacity 35350K, committed 35456K, reserved 1079296K
  class space    used 4579K, capacity 4916K, committed 4992K, reserved 1048576K
Event: 25.304 GC heap after
Heap after GC invocations=10 (full 1):
 PSYoungGen      total 119296K, used 12503K [0x00000000d5c00000, 0x00000000e0b80000, 0x0000000100000000)
  eden space 106496K, 0% used [0x00000000d5c00000,0x00000000d5c00000,0x00000000dc400000)
  from space 12800K, 97% used [0x00000000dc400000,0x00000000dd035df0,0x00000000dd080000)
  to   space 14336K, 0% used [0x00000000dfd80000,0x00000000dfd80000,0x00000000e0b80000)
 ParOldGen       total 48128K, used 10401K [0x0000000081400000, 0x0000000084300000, 0x00000000d5c00000)
  object space 48128K, 21% used [0x0000000081400000,0x0000000081e284c0,0x0000000084300000)
 Metaspace       used 33639K, capacity 35350K, committed 35456K, reserved 1079296K
  class space    used 4579K, capacity 4916K, committed 4992K, reserved 1048576K
}
Event: 25.304 GC heap before
{Heap before GC invocations=11 (full 2):
 PSYoungGen      total 119296K, used 12503K [0x00000000d5c00000, 0x00000000e0b80000, 0x0000000100000000)
  eden space 106496K, 0% used [0x00000000d5c00000,0x00000000d5c00000,0x00000000dc400000)
  from space 12800K, 97% used [0x00000000dc400000,0x00000000dd035df0,0x00000000dd080000)
  to   space 14336K, 0% used [0x00000000dfd80000,0x00000000dfd80000,0x00000000e0b80000)
 ParOldGen       total 48128K, used 10401K [0x0000000081400000, 0x0000000084300000, 0x00000000d5c00000)
  object space 48128K, 21% used [0x0000000081400000,0x0000000081e284c0,0x0000000084300000)
 Metaspace       used 33639K, capacity 35350K, committed 35456K, reserved 1079296K
  class space    used 4579K, capacity 4916K, committed 4992K, reserved 1048576K
Event: 25.461 GC heap after
Heap after GC invocations=11 (full 2):
 PSYoungGen      total 119296K, used 0K [0x00000000d5c00000, 0x00000000e0b80000, 0x0000000100000000)
  eden space 106496K, 0% used [0x00000000d5c00000,0x00000000d5c00000,0x00000000dc400000)
  from space 12800K, 0% used [0x00000000dc400000,0x00000000dc400000,0x00000000dd080000)
  to   space 14336K, 0% used [0x00000000dfd80000,0x00000000dfd80000,0x00000000e0b80000)
 ParOldGen       total 48128K, used 18651K [0x0000000081400000, 0x0000000084300000, 0x00000000d5c00000)
  object space 48128K, 38% used [0x0000000081400000,0x0000000082636ca8,0x0000000084300000)
 Metaspace       used 33639K, capacity 35350K, committed 35456K, reserved 1079296K
  class space    used 4579K, capacity 4916K, committed 4992K, reserved 1048576K
}

